<?xml version="1.0" encoding="UTF-8"?>
<!-- Generated by org.testng.reporters.JUnitXMLReporter -->
<testsuite ignored="0" hostname="DESKTOP-TEB81MQ" failures="2" tests="4" name="Surefire test" time="58.944" errors="0" timestamp="2026-04-07T16:56:12 IST">
  <testcase classname="io.cucumber.testng.AbstractTestNGCucumberTests" name="runScenario" time="16.465">
    <failure type="java.lang.AssertionError" message="expected [true] but found [false]">
      <![CDATA[java.lang.AssertionError: expected [true] but found [false]
at steps.DistrictStep.I_should_see_the_search_results_for_(DistrictStep.java:47)
at ✽.I should see the search results for "Dhurandhar123"(file:///C:/Users/Dell/eclipse-workspace/ITV_B703_BDD/src/test/resources/features/District.feature:14)
... Removed 4 stack frames]]>
    </failure>
  </testcase> <!-- runScenario -->
  <testcase classname="io.cucumber.testng.AbstractTestNGCucumberTests" name="runScenario" time="13.351"/>
  <testcase classname="io.cucumber.testng.AbstractTestNGCucumberTests" name="runScenario" time="13.921"/>
  <testcase classname="io.cucumber.testng.AbstractTestNGCucumberTests" name="runScenario" time="14.043">
    <failure type="java.lang.AssertionError" message="expected [true] but found [false]">
      <![CDATA[java.lang.AssertionError: expected [true] but found [false]
at steps.DistrictStep.I_should_see_the_search_results_for_(DistrictStep.java:47)
at ✽.I should see the search results for "Super Duperr123"(file:///C:/Users/Dell/eclipse-workspace/ITV_B703_BDD/src/test/resources/features/District.feature:21)
... Removed 4 stack frames]]>
    </failure>
  </testcase> <!-- runScenario -->
</testsuite> <!-- Surefire test -->
