<?xml version="1.0" encoding="UTF-8"?>
<testsuite xmlns:xsi="http://www.w3.org/2001/XMLSchema-instance" xsi:noNamespaceSchemaLocation="https://maven.apache.org/surefire/maven-surefire-plugin/xsd/surefire-test-report-3.0.xsd" version="3.0" name="runners.Runner" time="59.938" tests="4" errors="0" skipped="0" failures="2">
  <properties>
[...]
</properties>
  <testcase name="runScenario[&quot;&quot;, &quot;Unknown&quot;](1)" classname="runners.Runner" time="16.47">
    <failure message="expected [true] but found [false]" type="java.lang.AssertionError"><![CDATA[java.lang.AssertionError: expected [true] but found [false]
	at org.testng.Assert.fail(Assert.java:111)
	at org.testng.Assert.failNotEquals(Assert.java:1590)
	at org.testng.Assert.assertTrue(Assert.java:57)
	at org.testng.Assert.assertTrue(Assert.java:67)
	at steps.DistrictStep.I_should_see_the_search_results_for_(DistrictStep.java:47)
	at ✽.I should see the search results for "Dhurandhar123"(file:///C:/Users/Dell/eclipse-workspace/ITV_B703_BDD/src/test/resources/features/District.feature:14)
]]></failure>
    <system-out><![CDATA[
@RegressionTest
&amp#27;[1mScenario:&amp#27;[22m                                                    &amp#27;[90m# src/test/resources/features/District.feature:10&amp#27;[39m
16:55:25 [main] INFO  utils.LoggerUtils - Launched the application
16:55:25 [main] INFO  utils.LoggerUtils - I am on the District.in home page
  &amp#27;[32m✔&amp#27;[39m &amp#27;[32m&amp#27;[1mGiven &amp#27;[22mI am on the District.in home page&amp#27;[39m                  &amp#27;[90m# steps.DistrictStep.I_am_on_the_District_in_home_page()&amp#27;[39m
16:55:26 [main] INFO  utils.LoggerUtils - Clicked on Search icon
16:55:26 [main] INFO  utils.LoggerUtils - I clicked on the Search icon
  &amp#27;[32m✔&amp#27;[39m &amp#27;[32m&amp#27;[1mWhen &amp#27;[22mI click on the Search icon&amp#27;[39m                          &amp#27;[90m# steps.DistrictStep.I_click_on_the_Search_icon()&amp#27;[39m
16:55:26 [main] INFO  utils.LoggerUtils - Clicked on Movies link
16:55:26 [main] INFO  utils.LoggerUtils - I clicked on the Movies link
  &amp#27;[32m✔&amp#27;[39m &amp#27;[32m&amp#27;[1mAnd &amp#27;[22mI click on the Movies link&amp#27;[39m                           &amp#27;[90m# steps.DistrictStep.I_click_on_the_Movies_link()&amp#27;[39m
16:55:27 [main] INFO  utils.LoggerUtils - Entered Dhurandhar in the search editbox
16:55:27 [main] INFO  utils.LoggerUtils - I entered Dhurandhar in the search box
  &amp#27;[32m✔&amp#27;[39m &amp#27;[32m&amp#27;[1mAnd &amp#27;[22mI enter &amp#27;[1m"Dhurandhar"&amp#27;[22m in the search box&amp#27;[39m               &amp#27;[90m# steps.DistrictStep.I_enter_in_the_search_box(java.lang.String)&amp#27;[39m
16:55:30 [main] INFO  utils.LoggerUtils - Extracted Search Result text as Dhurandhar The Revenge
  &amp#27;[31m✘&amp#27;[39m &amp#27;[31m&amp#27;[1mThen &amp#27;[22mI should see the search results for &amp#27;[1m"Dhurandhar123"&amp#27;[22m&amp#27;[39m &amp#27;[90m# steps.DistrictStep.I_should_see_the_search_results_for_(java.lang.String)&amp#27;[39m
        &amp#27;[31mjava.lang.AssertionError: expected [true] but found [false]&amp#27;[39m
        &amp#27;[31m	at org.testng.Assert.fail(Assert.java:111)&amp#27;[39m
        &amp#27;[31m	at org.testng.Assert.failNotEquals(Assert.java:1590)&amp#27;[39m
        &amp#27;[31m	at org.testng.Assert.assertTrue(Assert.java:57)&amp#27;[39m
        &amp#27;[31m	at org.testng.Assert.assertTrue(Assert.java:67)&amp#27;[39m
        &amp#27;[31m	at steps.DistrictStep.I_should_see_the_search_results_for_(DistrictStep.java:47)&amp#27;[39m
        &amp#27;[31m	at ✽.I should see the search results for "Dhurandhar123"(file:///C:/Users/Dell/eclipse-workspace/ITV_B703_BDD/src/test/resources/features/District.feature:14)&amp#27;[39m

        &amp#27;[34mEmbedding  [image/png 205413 bytes]&amp#27;[39m

16:55:30 [main] INFO  utils.LoggerUtils - Scenario  is failed. Taking screenshot.
16:55:31 [main] INFO  utils.LoggerUtils - Closed the browser
]]></system-out>
    <system-err><![CDATA[SLF4J(W): No SLF4J providers were found.
SLF4J(W): Defaulting to no-operation (NOP) logger implementation
SLF4J(W): See https://www.slf4j.org/codes.html#noProviders for further details.
Apr 07, 2026 4:55:17 PM org.openqa.selenium.devtools.CdpVersionFinder findNearestMatch
WARNING: Unable to find an exact match for CDP version 147, returning the closest version; found: 145; Please update to a Selenium version that supports CDP version 147
]]></system-err>
  </testcase>
  <testcase name="runScenario[&quot;&quot;, &quot;Unknown&quot;](2)" classname="runners.Runner" time="13.344">
    <system-out><![CDATA[
@SmokeTest
&amp#27;[1mScenario Outline:&amp#27;[22m                                         &amp#27;[90m# src/test/resources/features/District.feature:25&amp#27;[39m
16:55:39 [main] INFO  utils.LoggerUtils - Launched the application
16:55:39 [main] INFO  utils.LoggerUtils - I am on the District.in home page
  &amp#27;[32m✔&amp#27;[39m &amp#27;[32m&amp#27;[1mGiven &amp#27;[22mI am on the District.in home page&amp#27;[39m               &amp#27;[90m# steps.DistrictStep.I_am_on_the_District_in_home_page()&amp#27;[39m
16:55:40 [main] INFO  utils.LoggerUtils - Clicked on Search icon
16:55:40 [main] INFO  utils.LoggerUtils - I clicked on the Search icon
  &amp#27;[32m✔&amp#27;[39m &amp#27;[32m&amp#27;[1mWhen &amp#27;[22mI click on the Search icon&amp#27;[39m                       &amp#27;[90m# steps.DistrictStep.I_click_on_the_Search_icon()&amp#27;[39m
16:55:40 [main] INFO  utils.LoggerUtils - Clicked on Movies link
16:55:40 [main] INFO  utils.LoggerUtils - I clicked on the Movies link
  &amp#27;[32m✔&amp#27;[39m &amp#27;[32m&amp#27;[1mAnd &amp#27;[22mI click on the Movies link&amp#27;[39m                        &amp#27;[90m# steps.DistrictStep.I_click_on_the_Movies_link()&amp#27;[39m
16:55:41 [main] INFO  utils.LoggerUtils - Entered Dhurandhar in the search editbox
16:55:41 [main] INFO  utils.LoggerUtils - I entered Dhurandhar in the search box
  &amp#27;[32m✔&amp#27;[39m &amp#27;[32m&amp#27;[1mAnd &amp#27;[22mI enter &amp#27;[1m"Dhurandhar"&amp#27;[22m in the search box&amp#27;[39m            &amp#27;[90m# steps.DistrictStep.I_enter_in_the_search_box(java.lang.String)&amp#27;[39m
16:55:44 [main] INFO  utils.LoggerUtils - Extracted Search Result text as Dhurandhar The Revenge
16:55:44 [main] INFO  utils.LoggerUtils - Search Result is showing the correct Movie details
  &amp#27;[32m✔&amp#27;[39m &amp#27;[32m&amp#27;[1mThen &amp#27;[22mI should see the search results for &amp#27;[1m"Dhurandhar"&amp#27;[22m&amp#27;[39m &amp#27;[90m# steps.DistrictStep.I_should_see_the_search_results_for_(java.lang.String)&amp#27;[39m
16:55:44 [main] INFO  utils.LoggerUtils - Closed the browser
]]></system-out>
    <system-err><![CDATA[Apr 07, 2026 4:55:33 PM org.openqa.selenium.devtools.CdpVersionFinder findNearestMatch
WARNING: Unable to find an exact match for CDP version 147, returning the closest version; found: 145; Please update to a Selenium version that supports CDP version 147
]]></system-err>
  </testcase>
  <testcase name="runScenario[&quot;&quot;, &quot;Unknown&quot;](3)" classname="runners.Runner" time="13.92">
    <system-out><![CDATA[
@SmokeTest
&amp#27;[1mScenario Outline:&amp#27;[22m                                      &amp#27;[90m# src/test/resources/features/District.feature:26&amp#27;[39m
16:55:53 [main] INFO  utils.LoggerUtils - Launched the application
16:55:53 [main] INFO  utils.LoggerUtils - I am on the District.in home page
  &amp#27;[32m✔&amp#27;[39m &amp#27;[32m&amp#27;[1mGiven &amp#27;[22mI am on the District.in home page&amp#27;[39m            &amp#27;[90m# steps.DistrictStep.I_am_on_the_District_in_home_page()&amp#27;[39m
16:55:54 [main] INFO  utils.LoggerUtils - Clicked on Search icon
16:55:54 [main] INFO  utils.LoggerUtils - I clicked on the Search icon
  &amp#27;[32m✔&amp#27;[39m &amp#27;[32m&amp#27;[1mWhen &amp#27;[22mI click on the Search icon&amp#27;[39m                    &amp#27;[90m# steps.DistrictStep.I_click_on_the_Search_icon()&amp#27;[39m
16:55:54 [main] INFO  utils.LoggerUtils - Clicked on Movies link
16:55:54 [main] INFO  utils.LoggerUtils - I clicked on the Movies link
  &amp#27;[32m✔&amp#27;[39m &amp#27;[32m&amp#27;[1mAnd &amp#27;[22mI click on the Movies link&amp#27;[39m                     &amp#27;[90m# steps.DistrictStep.I_click_on_the_Movies_link()&amp#27;[39m
16:55:54 [main] INFO  utils.LoggerUtils - Entered Hoppers in the search editbox
16:55:54 [main] INFO  utils.LoggerUtils - I entered Hoppers in the search box
  &amp#27;[32m✔&amp#27;[39m &amp#27;[32m&amp#27;[1mAnd &amp#27;[22mI enter &amp#27;[1m"Hoppers"&amp#27;[22m in the search box&amp#27;[39m            &amp#27;[90m# steps.DistrictStep.I_enter_in_the_search_box(java.lang.String)&amp#27;[39m
16:55:58 [main] INFO  utils.LoggerUtils - Extracted Search Result text as Hoppers
16:55:58 [main] INFO  utils.LoggerUtils - Search Result is showing the correct Movie details
  &amp#27;[32m✔&amp#27;[39m &amp#27;[32m&amp#27;[1mThen &amp#27;[22mI should see the search results for &amp#27;[1m"Hoppers"&amp#27;[22m&amp#27;[39m &amp#27;[90m# steps.DistrictStep.I_should_see_the_search_results_for_(java.lang.String)&amp#27;[39m
16:55:58 [main] INFO  utils.LoggerUtils - Closed the browser
]]></system-out>
    <system-err><![CDATA[Apr 07, 2026 4:55:46 PM org.openqa.selenium.devtools.CdpVersionFinder findNearestMatch
WARNING: Unable to find an exact match for CDP version 147, returning the closest version; found: 145; Please update to a Selenium version that supports CDP version 147
]]></system-err>
  </testcase>
  <testcase name="runScenario[&quot;&quot;, &quot;Unknown&quot;](4)" classname="runners.Runner" time="14.043">
    <failure message="expected [true] but found [false]" type="java.lang.AssertionError"><![CDATA[java.lang.AssertionError: expected [true] but found [false]
	at org.testng.Assert.fail(Assert.java:111)
	at org.testng.Assert.failNotEquals(Assert.java:1590)
	at org.testng.Assert.assertTrue(Assert.java:57)
	at org.testng.Assert.assertTrue(Assert.java:67)
	at steps.DistrictStep.I_should_see_the_search_results_for_(DistrictStep.java:47)
	at ✽.I should see the search results for "Super Duperr123"(file:///C:/Users/Dell/eclipse-workspace/ITV_B703_BDD/src/test/resources/features/District.feature:21)
]]></failure>
    <system-out><![CDATA[
@SmokeTest
&amp#27;[1mScenario Outline:&amp#27;[22m                                              &amp#27;[90m# src/test/resources/features/District.feature:27&amp#27;[39m
16:56:07 [main] INFO  utils.LoggerUtils - Launched the application
16:56:07 [main] INFO  utils.LoggerUtils - I am on the District.in home page
  &amp#27;[32m✔&amp#27;[39m &amp#27;[32m&amp#27;[1mGiven &amp#27;[22mI am on the District.in home page&amp#27;[39m                    &amp#27;[90m# steps.DistrictStep.I_am_on_the_District_in_home_page()&amp#27;[39m
16:56:07 [main] INFO  utils.LoggerUtils - Clicked on Search icon
16:56:07 [main] INFO  utils.LoggerUtils - I clicked on the Search icon
  &amp#27;[32m✔&amp#27;[39m &amp#27;[32m&amp#27;[1mWhen &amp#27;[22mI click on the Search icon&amp#27;[39m                            &amp#27;[90m# steps.DistrictStep.I_click_on_the_Search_icon()&amp#27;[39m
16:56:08 [main] INFO  utils.LoggerUtils - Clicked on Movies link
16:56:08 [main] INFO  utils.LoggerUtils - I clicked on the Movies link
  &amp#27;[32m✔&amp#27;[39m &amp#27;[32m&amp#27;[1mAnd &amp#27;[22mI click on the Movies link&amp#27;[39m                             &amp#27;[90m# steps.DistrictStep.I_click_on_the_Movies_link()&amp#27;[39m
16:56:08 [main] INFO  utils.LoggerUtils - Entered Super Duperr in the search editbox
16:56:08 [main] INFO  utils.LoggerUtils - I entered Super Duperr in the search box
  &amp#27;[32m✔&amp#27;[39m &amp#27;[32m&amp#27;[1mAnd &amp#27;[22mI enter &amp#27;[1m"Super Duperr"&amp#27;[22m in the search box&amp#27;[39m               &amp#27;[90m# steps.DistrictStep.I_enter_in_the_search_box(java.lang.String)&amp#27;[39m
16:56:11 [main] INFO  utils.LoggerUtils - Extracted Search Result text as The Super Mario Galaxy Movie
  &amp#27;[31m✘&amp#27;[39m &amp#27;[31m&amp#27;[1mThen &amp#27;[22mI should see the search results for &amp#27;[1m"Super Duperr123"&amp#27;[22m&amp#27;[39m &amp#27;[90m# steps.DistrictStep.I_should_see_the_search_results_for_(java.lang.String)&amp#27;[39m
        &amp#27;[31mjava.lang.AssertionError: expected [true] but found [false]&amp#27;[39m
        &amp#27;[31m	at org.testng.Assert.fail(Assert.java:111)&amp#27;[39m
        &amp#27;[31m	at org.testng.Assert.failNotEquals(Assert.java:1590)&amp#27;[39m
        &amp#27;[31m	at org.testng.Assert.assertTrue(Assert.java:57)&amp#27;[39m
        &amp#27;[31m	at org.testng.Assert.assertTrue(Assert.java:67)&amp#27;[39m
        &amp#27;[31m	at steps.DistrictStep.I_should_see_the_search_results_for_(DistrictStep.java:47)&amp#27;[39m
        &amp#27;[31m	at ✽.I should see the search results for "Super Duperr123"(file:///C:/Users/Dell/eclipse-workspace/ITV_B703_BDD/src/test/resources/features/District.feature:21)&amp#27;[39m

        &amp#27;[34mEmbedding  [image/png 196218 bytes]&amp#27;[39m

16:56:12 [main] INFO  utils.LoggerUtils - Scenario  is failed. Taking screenshot.
16:56:12 [main] INFO  utils.LoggerUtils - Closed the browser
]]></system-out>
    <system-err><![CDATA[Apr 07, 2026 4:56:00 PM org.openqa.selenium.devtools.CdpVersionFinder findNearestMatch
WARNING: Unable to find an exact match for CDP version 147, returning the closest version; found: 145; Please update to a Selenium version that supports CDP version 147
]]></system-err>
  </testcase>
</testsuite>