<?xml version="1.0" encoding="UTF-8"?>
<!-- Generated by org.testng.reporters.JUnitReportReporter -->
<testsuite hostname="DESKTOP-TEB81MQ" failures="2" tests="4" name="runners.Runner" time="57.780" errors="0" timestamp="2026-04-07T16:56:13 IST" skipped="0">
  <testcase classname="runners.Runner" name="runScenario" time="16.465">
    <failure message="expected [true] but found [false]" type="java.lang.AssertionError">
      <![CDATA[java.lang.AssertionError: expected [true] but found [false]
at org.testng.Assert.fail(Assert.java:111)
at org.testng.Assert.failNotEquals(Assert.java:1590)
at org.testng.Assert.assertTrue(Assert.java:57)
at org.testng.Assert.assertTrue(Assert.java:67)
at steps.DistrictStep.I_should_see_the_search_results_for_(DistrictStep.java:47)
at ✽.I should see the search results for "Dhurandhar123"(file:///C:/Users/Dell/eclipse-workspace/ITV_B703_BDD/src/test/resources/features/District.feature:14)
]]>
    </failure>
  </testcase> <!-- runScenario -->
  <testcase classname="runners.Runner" name="runScenario" time="14.043">
    <failure message="expected [true] but found [false]" type="java.lang.AssertionError">
      <![CDATA[java.lang.AssertionError: expected [true] but found [false]
at org.testng.Assert.fail(Assert.java:111)
at org.testng.Assert.failNotEquals(Assert.java:1590)
at org.testng.Assert.assertTrue(Assert.java:57)
at org.testng.Assert.assertTrue(Assert.java:67)
at steps.DistrictStep.I_should_see_the_search_results_for_(DistrictStep.java:47)
at ✽.I should see the search results for "Super Duperr123"(file:///C:/Users/Dell/eclipse-workspace/ITV_B703_BDD/src/test/resources/features/District.feature:21)
]]>
    </failure>
  </testcase> <!-- runScenario -->
  <testcase classname="runners.Runner" name="runScenario" time="13.351"/>
  <testcase classname="runners.Runner" name="runScenario" time="13.921"/>
</testsuite> <!-- runners.Runner -->
